<?xml version="1.0" encoding="UTF-8"?>
<ivy-module version="1.0">
	<info organisation="myorg"
	       module="mymodule"
	       revision="1.0"
	       publication="20050913185628"
	/>
	<publications>
        <artifact name="art1" type="jar" conf="default"/>
        <artifact name="art2" type="jar" conf="default,bad"/>
    </publications>
	
	<dependencies>
		<dependency name="mod1" rev="1.0"/>
		<dependency org="test" name="mod2" rev="2.0" conf="*"/>
		<dependency org="test" name="mod3" rev="2.0" conf="default->*"/>
		<dependency org="test" name="mod4" rev="2.0" conf="%->*"/>
	</dependencies>
</ivy-module>
